
SQL*Loader: Release 11.2.0.2.0 - Production on Mon Jul 25 12:45:51 2016

Copyright (c) 1982, 2009, Oracle and/or its affiliates.  All rights reserved.

Control File:   xyz.ctl
Data File:      xyz.dat
  Bad File:     xyz.bad
  Discard File:  none specified
 
 (Allow all discards)

Number to load: ALL
Number to skip: 0
Errors allowed: 50
Bind array:     64 rows, maximum of 256000 bytes
Continuation:    none specified
Path used:      Conventional

Table XYZ, loaded from every logical record.
Insert option in effect for this table: INSERT

   Column Name                  Position   Len  Term Encl Datatype
------------------------------ ---------- ----- ---- ---- ---------------------
I                                   FIRST     *   ,       CHARACTER            
S                                    NEXT     *   ,       CHARACTER            
D                                    NEXT     *   ,       DATE dd-mon-yyyy     


Table XYZ:
  3 Rows successfully loaded.
  0 Rows not loaded due to data errors.
  0 Rows not loaded because all WHEN clauses were failed.
  0 Rows not loaded because all fields were null.


Space allocated for bind array:                  49536 bytes(64 rows)
Read   buffer bytes: 1048576

Total logical records skipped:          0
Total logical records read:             3
Total logical records rejected:         0
Total logical records discarded:        0

Run began on Mon Jul 25 12:45:51 2016
Run ended on Mon Jul 25 12:46:00 2016

Elapsed time was:     00:00:09.40
CPU time was:         00:00:00.02
